<?xml version="1.0" encoding="UTF-8"?>
<testsuite xmlns:xsi="http://www.w3.org/2001/XMLSchema-instance" xsi:noNamespaceSchemaLocation="https://maven.apache.org/surefire/maven-surefire-plugin/xsd/surefire-test-report.xsd" version="3.0.2" name="com.justme8code.utterfresh_production_gathering_sys.UtterfreshProductionGatheringSysApplicationTests" time="17.096" tests="1" errors="0" skipped="0" failures="0">
  <properties>
[...]
</properties>
  <testcase name="contextLoads" classname="com.justme8code.utterfresh_production_gathering_sys.UtterfreshProductionGatheringSysApplicationTests" time="0.523">
    <system-out><![CDATA[15:20:21.125 [main] INFO org.springframework.test.context.support.AnnotationConfigContextLoaderUtils -- Could not detect default configuration classes for test class [com.justme8code.utterfresh_production_gathering_sys.UtterfreshProductionGatheringSysApplicationTests]: UtterfreshProductionGatheringSysApplicationTests does not declare any static, non-private, non-final, nested classes annotated with @Configuration.
15:20:21.338 [main] INFO org.springframework.boot.test.context.SpringBootTestContextBootstrapper -- Found @SpringBootConfiguration com.justme8code.utterfresh_production_gathering_sys.UtterfreshProductionGatheringSysApplication for test class com.justme8code.utterfresh_production_gathering_sys.UtterfreshProductionGatheringSysApplicationTests
15:20:21.513 [main] INFO org.testcontainers.images.PullPolicy -- Image pull policy will be performed by: DefaultPullPolicy()
15:20:21.516 [main] INFO org.testcontainers.utility.ImageNameSubstitutor -- Image name substitution will be performed by: DefaultImageNameSubstitutor (composite of 'ConfigurationFileImageNameSubstitutor' and 'PrefixingImageNameSubstitutor')
15:20:21.548 [main] INFO org.testcontainers.DockerClientFactory -- Testcontainers version: 1.20.5
15:20:22.317 [main] WARN org.testcontainers.dockerclient.DockerClientProviderStrategy -- DOCKER_HOST unix:///var/run/docker.sock is not listening
java.net.BindException: Permission denied
	at java.base/sun.nio.ch.UnixDomainSockets.connect0(Native Method)
	at java.base/sun.nio.ch.UnixDomainSockets.connect(UnixDomainSockets.java:154)
	at java.base/sun.nio.ch.UnixDomainSockets.connect(UnixDomainSockets.java:150)
	at java.base/sun.nio.ch.SocketChannelImpl.connect(SocketChannelImpl.java:878)
	at java.base/java.nio.channels.SocketChannel.open(SocketChannel.java:285)
	at com.github.dockerjava.transport.UnixSocket.<init>(UnixSocket.java:45)
	at com.github.dockerjava.transport.UnixSocket.get(UnixSocket.java:27)
	at org.testcontainers.dockerclient.DockerClientProviderStrategy.lambda$test$2(DockerClientProviderStrategy.java:194)
	at org.testcontainers.dockerclient.DockerClientProviderStrategy.test(DockerClientProviderStrategy.java:208)
	at org.testcontainers.dockerclient.DockerClientProviderStrategy.tryOutStrategy(DockerClientProviderStrategy.java:284)
	at org.testcontainers.dockerclient.DockerClientProviderStrategy.lambda$getFirstValidStrategy$5(DockerClientProviderStrategy.java:263)
	at java.base/java.util.stream.ReferencePipeline$2$1.accept(ReferencePipeline.java:178)
	at java.base/java.util.stream.ReferencePipeline$2$1.accept(ReferencePipeline.java:179)
	at java.base/java.util.stream.ReferencePipeline$2$1.accept(ReferencePipeline.java:179)
	at java.base/java.util.ArrayList$ArrayListSpliterator.tryAdvance(ArrayList.java:1685)
	at java.base/java.util.stream.ReferencePipeline.forEachWithCancel(ReferencePipeline.java:129)
	at java.base/java.util.stream.AbstractPipeline.copyIntoWithCancel(AbstractPipeline.java:527)
	at java.base/java.util.stream.AbstractPipeline.copyInto(AbstractPipeline.java:513)
	at java.base/java.util.stream.AbstractPipeline.wrapAndCopyInto(AbstractPipeline.java:499)
	at java.base/java.util.stream.FindOps$FindOp.evaluateSequential(FindOps.java:150)
	at java.base/java.util.stream.AbstractPipeline.evaluate(AbstractPipeline.java:234)
	at java.base/java.util.stream.ReferencePipeline.findFirst(ReferencePipeline.java:647)
	at org.testcontainers.dockerclient.DockerClientProviderStrategy.getFirstValidStrategy(DockerClientProviderStrategy.java:264)
	at org.testcontainers.DockerClientFactory.getOrInitializeStrategy(DockerClientFactory.java:154)
	at org.testcontainers.DockerClientFactory.client(DockerClientFactory.java:196)
	at org.testcontainers.DockerClientFactory$1.getDockerClient(DockerClientFactory.java:108)
	at com.github.dockerjava.api.DockerClientDelegate.authConfig(DockerClientDelegate.java:109)
	at org.testcontainers.containers.GenericContainer.start(GenericContainer.java:321)
	at org.testcontainers.junit.jupiter.TestcontainersExtension$StoreAdapter.start(TestcontainersExtension.java:276)
	at org.testcontainers.junit.jupiter.TestcontainersExtension$StoreAdapter.access$200(TestcontainersExtension.java:263)
	at org.testcontainers.junit.jupiter.TestcontainersExtension.lambda$null$4(TestcontainersExtension.java:83)
	at org.junit.platform.engine.support.store.NamespacedHierarchicalStore.lambda$getOrComputeIfAbsent$5(NamespacedHierarchicalStore.java:182)
	at org.junit.platform.engine.support.store.NamespacedHierarchicalStore$MemoizingSupplier.computeValue(NamespacedHierarchicalStore.java:422)
	at org.junit.platform.engine.support.store.NamespacedHierarchicalStore$MemoizingSupplier.get(NamespacedHierarchicalStore.java:411)
	at org.junit.platform.engine.support.store.NamespacedHierarchicalStore$StoredValue.evaluate(NamespacedHierarchicalStore.java:358)
	at org.junit.platform.engine.support.store.NamespacedHierarchicalStore$StoredValue.access$200(NamespacedHierarchicalStore.java:337)
	at org.junit.platform.engine.support.store.NamespacedHierarchicalStore.getOrComputeIfAbsent(NamespacedHierarchicalStore.java:185)
	at org.junit.jupiter.engine.execution.NamespaceAwareStore.lambda$getOrComputeIfAbsent$2(NamespaceAwareStore.java:57)
	at org.junit.jupiter.engine.execution.NamespaceAwareStore.accessStore(NamespaceAwareStore.java:90)
	at org.junit.jupiter.engine.execution.NamespaceAwareStore.getOrComputeIfAbsent(NamespaceAwareStore.java:57)
	at org.testcontainers.junit.jupiter.TestcontainersExtension.lambda$startContainers$5(TestcontainersExtension.java:83)
	at java.base/java.util.ArrayList.forEach(ArrayList.java:1596)
	at org.testcontainers.junit.jupiter.TestcontainersExtension.startContainers(TestcontainersExtension.java:83)
	at org.testcontainers.junit.jupiter.TestcontainersExtension.beforeAll(TestcontainersExtension.java:57)
	at org.junit.jupiter.engine.descriptor.ClassBasedTestDescriptor.lambda$invokeBeforeAllCallbacks$13(ClassBasedTestDescriptor.java:396)
	at org.junit.platform.engine.support.hierarchical.ThrowableCollector.execute(ThrowableCollector.java:73)
	at org.junit.jupiter.engine.descriptor.ClassBasedTestDescriptor.invokeBeforeAllCallbacks(ClassBasedTestDescriptor.java:396)
	at org.junit.jupiter.engine.descriptor.ClassBasedTestDescriptor.before(ClassBasedTestDescriptor.java:212)
	at org.junit.jupiter.engine.descriptor.ClassBasedTestDescriptor.before(ClassBasedTestDescriptor.java:85)
	at org.junit.platform.engine.support.hierarchical.NodeTestTask.lambda$executeRecursively$6(NodeTestTask.java:153)
	at org.junit.platform.engine.support.hierarchical.ThrowableCollector.execute(ThrowableCollector.java:73)
	at org.junit.platform.engine.support.hierarchical.NodeTestTask.lambda$executeRecursively$8(NodeTestTask.java:146)
	at org.junit.platform.engine.support.hierarchical.Node.around(Node.java:137)
	at org.junit.platform.engine.support.hierarchical.NodeTestTask.lambda$executeRecursively$9(NodeTestTask.java:144)
	at org.junit.platform.engine.support.hierarchical.ThrowableCollector.execute(ThrowableCollector.java:73)
	at org.junit.platform.engine.support.hierarchical.NodeTestTask.executeRecursively(NodeTestTask.java:143)
	at org.junit.platform.engine.support.hierarchical.NodeTestTask.execute(NodeTestTask.java:100)
	at java.base/java.util.ArrayList.forEach(ArrayList.java:1596)
	at org.junit.platform.engine.support.hierarchical.SameThreadHierarchicalTestExecutorService.invokeAll(SameThreadHierarchicalTestExecutorService.java:41)
	at org.junit.platform.engine.support.hierarchical.NodeTestTask.lambda$executeRecursively$6(NodeTestTask.java:160)
	at org.junit.platform.engine.support.hierarchical.ThrowableCollector.execute(ThrowableCollector.java:73)
	at org.junit.platform.engine.support.hierarchical.NodeTestTask.lambda$executeRecursively$8(NodeTestTask.java:146)
	at org.junit.platform.engine.support.hierarchical.Node.around(Node.java:137)
	at org.junit.platform.engine.support.hierarchical.NodeTestTask.lambda$executeRecursively$9(NodeTestTask.java:144)
	at org.junit.platform.engine.support.hierarchical.ThrowableCollector.execute(ThrowableCollector.java:73)
	at org.junit.platform.engine.support.hierarchical.NodeTestTask.executeRecursively(NodeTestTask.java:143)
	at org.junit.platform.engine.support.hierarchical.NodeTestTask.execute(NodeTestTask.java:100)
	at org.junit.platform.engine.support.hierarchical.SameThreadHierarchicalTestExecutorService.submit(SameThreadHierarchicalTestExecutorService.java:35)
	at org.junit.platform.engine.support.hierarchical.HierarchicalTestExecutor.execute(HierarchicalTestExecutor.java:57)
	at org.junit.platform.engine.support.hierarchical.HierarchicalTestEngine.execute(HierarchicalTestEngine.java:54)
	at org.junit.platform.launcher.core.EngineExecutionOrchestrator.execute(EngineExecutionOrchestrator.java:198)
	at org.junit.platform.launcher.core.EngineExecutionOrchestrator.execute(EngineExecutionOrchestrator.java:169)
	at org.junit.platform.launcher.core.EngineExecutionOrchestrator.execute(EngineExecutionOrchestrator.java:93)
	at org.junit.platform.launcher.core.EngineExecutionOrchestrator.lambda$execute$0(EngineExecutionOrchestrator.java:58)
	at org.junit.platform.launcher.core.EngineExecutionOrchestrator.withInterceptedStreams(EngineExecutionOrchestrator.java:141)
	at org.junit.platform.launcher.core.EngineExecutionOrchestrator.execute(EngineExecutionOrchestrator.java:57)
	at org.junit.platform.launcher.core.DefaultLauncher.execute(DefaultLauncher.java:103)
	at org.junit.platform.launcher.core.DefaultLauncher.execute(DefaultLauncher.java:85)
	at org.junit.platform.launcher.core.DelegatingLauncher.execute(DelegatingLauncher.java:47)
	at org.apache.maven.surefire.junitplatform.LazyLauncher.execute(LazyLauncher.java:56)
	at org.apache.maven.surefire.junitplatform.JUnitPlatformProvider.execute(JUnitPlatformProvider.java:184)
	at org.apache.maven.surefire.junitplatform.JUnitPlatformProvider.invokeAllTests(JUnitPlatformProvider.java:148)
	at org.apache.maven.surefire.junitplatform.JUnitPlatformProvider.invoke(JUnitPlatformProvider.java:122)
	at org.apache.maven.surefire.booter.ForkedBooter.runSuitesInProcess(ForkedBooter.java:385)
	at org.apache.maven.surefire.booter.ForkedBooter.execute(ForkedBooter.java:162)
	at org.apache.maven.surefire.booter.ForkedBooter.run(ForkedBooter.java:507)
	at org.apache.maven.surefire.booter.ForkedBooter.main(ForkedBooter.java:495)
15:20:22.687 [main] INFO org.testcontainers.dockerclient.DockerClientProviderStrategy -- Found Docker environment with Docker accessed via Unix socket (/home/thompson/.docker/desktop/docker.sock)
15:20:22.688 [main] INFO org.testcontainers.DockerClientFactory -- Docker host IP address is localhost
15:20:22.742 [main] INFO org.testcontainers.DockerClientFactory -- Connected to docker: 
  Server Version: 28.0.4
  API Version: 1.48
  Operating System: Docker Desktop
  Total Memory: 3759 MB
  Labels: 
    com.docker.desktop.address=unix:///home/thompson/.docker/desktop/docker-cli.sock
15:20:23.029 [main] INFO tc.testcontainers/ryuk:0.11.0 -- Creating container for image: testcontainers/ryuk:0.11.0
15:20:23.177 [main] INFO org.testcontainers.utility.RegistryAuthLocator -- Credential helper/store (docker-credential-desktop) does not have credentials for https://index.docker.io/v1/
15:20:23.646 [main] INFO tc.testcontainers/ryuk:0.11.0 -- Container testcontainers/ryuk:0.11.0 is starting: 4fdc6ef8ce03acab51730b8116e41e8dd7e72d6a8180859fbfb4dddcd95aacd0
15:20:24.490 [main] INFO tc.testcontainers/ryuk:0.11.0 -- Container testcontainers/ryuk:0.11.0 started in PT1.461168102S
15:20:24.514 [main] INFO org.testcontainers.utility.RyukResourceReaper -- Ryuk started - will monitor and terminate Testcontainers containers on JVM exit
15:20:24.515 [main] INFO org.testcontainers.DockerClientFactory -- Checking the system...
15:20:24.515 [main] INFO org.testcontainers.DockerClientFactory -- ✔︎ Docker server version should be at least 1.6.0
15:20:24.518 [main] INFO tc.postgres:15-alpine -- Creating container for image: postgres:15-alpine
15:20:24.754 [main] INFO tc.postgres:15-alpine -- Container postgres:15-alpine is starting: 1c961132faf3a3a9dcb7efd2fd9561525fee0842d9cfbc8c606b0344a7023042
15:20:28.146 [main] INFO tc.postgres:15-alpine -- Container postgres:15-alpine started in PT3.627524464S
15:20:28.147 [main] INFO tc.postgres:15-alpine -- Container is started (JDBC URL: jdbc:postgresql://localhost:37831/test?loggerLevel=OFF)
15:20:28.210 [main] INFO org.springframework.boot.devtools.restart.RestartApplicationListener -- Restart disabled due to context in which it is running

  .   ____          _            __ _ _
 /\\ / ___'_ __ _ _(_)_ __  __ _ \ \ \ \
( ( )\___ | '_ | '_| | '_ \/ _` | \ \ \ \
 \\/  ___)| |_)| | | | | || (_| |  ) ) ) )
  '  |____| .__|_| |_|_| |_\__, | / / / /
 =========|_|==============|___/=/_/_/_/

 :: Spring Boot ::                (v3.4.3)

2025-07-04T15:20:28.573+01:00  INFO 273586 --- [utterfresh_dev_gathering_sys] [           main] shProductionGatheringSysApplicationTests : Starting UtterfreshProductionGatheringSysApplicationTests using Java 21.0.7 with PID 273586 (started by thompson in /home/thompson/IdeaProjects/utter-pdgs-api)
2025-07-04T15:20:28.575+01:00  INFO 273586 --- [utterfresh_dev_gathering_sys] [           main] shProductionGatheringSysApplicationTests : The following 1 profile is active: "dev"
2025-07-04T15:20:29.741+01:00  INFO 273586 --- [utterfresh_dev_gathering_sys] [           main] .s.d.r.c.RepositoryConfigurationDelegate : Bootstrapping Spring Data JPA repositories in DEFAULT mode.
2025-07-04T15:20:29.899+01:00  INFO 273586 --- [utterfresh_dev_gathering_sys] [           main] .s.d.r.c.RepositoryConfigurationDelegate : Finished Spring Data repository scanning in 147 ms. Found 21 JPA repository interfaces.
2025-07-04T15:20:30.433+01:00  INFO 273586 --- [utterfresh_dev_gathering_sys] [           main] com.zaxxer.hikari.HikariDataSource       : HikariPool-1 - Starting...
2025-07-04T15:20:30.761+01:00  INFO 273586 --- [utterfresh_dev_gathering_sys] [           main] com.zaxxer.hikari.pool.HikariPool        : HikariPool-1 - Added connection org.postgresql.jdbc.PgConnection@76ed7573
2025-07-04T15:20:30.762+01:00  INFO 273586 --- [utterfresh_dev_gathering_sys] [           main] com.zaxxer.hikari.HikariDataSource       : HikariPool-1 - Start completed.
2025-07-04T15:20:30.891+01:00  INFO 273586 --- [utterfresh_dev_gathering_sys] [           main] o.hibernate.jpa.internal.util.LogHelper  : HHH000204: Processing PersistenceUnitInfo [name: default]
2025-07-04T15:20:30.965+01:00  INFO 273586 --- [utterfresh_dev_gathering_sys] [           main] org.hibernate.Version                    : HHH000412: Hibernate ORM core version 6.6.8.Final
2025-07-04T15:20:31.011+01:00  INFO 273586 --- [utterfresh_dev_gathering_sys] [           main] o.h.c.internal.RegionFactoryInitiator    : HHH000026: Second-level cache disabled
2025-07-04T15:20:31.402+01:00  INFO 273586 --- [utterfresh_dev_gathering_sys] [           main] o.s.o.j.p.SpringPersistenceUnitInfo      : No LoadTimeWeaver setup: ignoring JPA class transformer
2025-07-04T15:20:31.482+01:00  WARN 273586 --- [utterfresh_dev_gathering_sys] [           main] org.hibernate.orm.deprecation            : HHH90000025: PostgreSQLDialect does not need to be specified explicitly using 'hibernate.dialect' (remove the property setting and it will be selected by default)
2025-07-04T15:20:31.501+01:00  INFO 273586 --- [utterfresh_dev_gathering_sys] [           main] org.hibernate.orm.connections.pooling    : HHH10001005: Database info:
	Database JDBC URL [Connecting through datasource 'HikariDataSource (HikariPool-1)']
	Database driver: undefined/unknown
	Database version: 15.13
	Autocommit mode: undefined/unknown
	Isolation level: undefined/unknown
	Minimum pool size: undefined/unknown
	Maximum pool size: undefined/unknown
2025-07-04T15:20:33.156+01:00  INFO 273586 --- [utterfresh_dev_gathering_sys] [           main] o.h.e.t.j.p.i.JtaPlatformInitiator       : HHH000489: No JTA platform available (set 'hibernate.transaction.jta.platform' to enable JTA platform integration)
2025-07-04T15:20:33.213+01:00 DEBUG 273586 --- [utterfresh_dev_gathering_sys] [           main] org.hibernate.SQL                        : 
    create table conversion (
        id bigint generated by default as identity,
        created_at timestamp(6) not null,
        deleted boolean,
        updated_at timestamp(6) not null,
        batch integer not null,
        production_id bigint not null,
        purchase_id bigint not null,
        primary key (id)
    )
Hibernate: 
    create table conversion (
        id bigint generated by default as identity,
        created_at timestamp(6) not null,
        deleted boolean,
        updated_at timestamp(6) not null,
        batch integer not null,
        production_id bigint not null,
        purchase_id bigint not null,
        primary key (id)
    )
2025-07-04T15:20:33.222+01:00 DEBUG 273586 --- [utterfresh_dev_gathering_sys] [           main] org.hibernate.SQL                        : 
    create table conversion_field (
        id bigint generated by default as identity,
        cost_per_litre float(53),
        kg_used float(53),
        litres_per_kg float(53),
        out_put_litres float(53) not null,
        production_litres_lost float(53) not null,
        raw_brix float(53) not null,
        usable_litres float(53) not null,
        conversion_id bigint,
        ingredient_id bigint not null,
        primary key (id)
    )
Hibernate: 
    create table conversion_field (
        id bigint generated by default as identity,
        cost_per_litre float(53),
        kg_used float(53),
        litres_per_kg float(53),
        out_put_litres float(53) not null,
        production_litres_lost float(53) not null,
        raw_brix float(53) not null,
        usable_litres float(53) not null,
        conversion_id bigint,
        ingredient_id bigint not null,
        primary key (id)
    )
2025-07-04T15:20:33.227+01:00 DEBUG 273586 --- [utterfresh_dev_gathering_sys] [           main] org.hibernate.SQL                        : 
    create table evaluation (
        id bigint generated by default as identity,
        created_at timestamp(6) not null,
        deleted boolean,
        updated_at timestamp(6) not null,
        batch_range varchar(255),
        evaluation_type varchar(255) check (evaluation_type in ('IN_PROCESS','POST_PROCESS')),
        expiration_date date,
        manufactured_date date,
        production_id bigint not null,
        staff_id bigint not null,
        primary key (id)
    )
Hibernate: 
    create table evaluation (
        id bigint generated by default as identity,
        created_at timestamp(6) not null,
        deleted boolean,
        updated_at timestamp(6) not null,
        batch_range varchar(255),
        evaluation_type varchar(255) check (evaluation_type in ('IN_PROCESS','POST_PROCESS')),
        expiration_date date,
        manufactured_date date,
        production_id bigint not null,
        staff_id bigint not null,
        primary key (id)
    )
2025-07-04T15:20:33.235+01:00 DEBUG 273586 --- [utterfresh_dev_gathering_sys] [           main] org.hibernate.SQL                        : 
    create table ingredient_raw_material (
        ingredient_id bigint not null,
        raw_material_id bigint not null
    )
Hibernate: 
    create table ingredient_raw_material (
        ingredient_id bigint not null,
        raw_material_id bigint not null
    )
2025-07-04T15:20:33.243+01:00 DEBUG 273586 --- [utterfresh_dev_gathering_sys] [           main] org.hibernate.SQL                        : 
    create table ingredients (
        id bigint generated by default as identity,
        created_at timestamp(6) not null,
        deleted boolean,
        updated_at timestamp(6) not null,
        name varchar(255),
        uom varchar(255),
        primary key (id)
    )
Hibernate: 
    create table ingredients (
        id bigint generated by default as identity,
        created_at timestamp(6) not null,
        deleted boolean,
        updated_at timestamp(6) not null,
        name varchar(255),
        uom varchar(255),
        primary key (id)
    )
2025-07-04T15:20:33.250+01:00 DEBUG 273586 --- [utterfresh_dev_gathering_sys] [           main] org.hibernate.SQL                        : 
    create table ingredient_store (
        id bigint generated by default as identity,
        created_at timestamp(6) not null,
        deleted boolean,
        updated_at timestamp(6) not null,
        usable_litres_left float(53) not null,
        ingredient_id bigint not null,
        production_store_id bigint not null,
        primary key (id)
    )
Hibernate: 
    create table ingredient_store (
        id bigint generated by default as identity,
        created_at timestamp(6) not null,
        deleted boolean,
        updated_at timestamp(6) not null,
        usable_litres_left float(53) not null,
        ingredient_id bigint not null,
        production_store_id bigint not null,
        primary key (id)
    )
2025-07-04T15:20:33.255+01:00 DEBUG 273586 --- [utterfresh_dev_gathering_sys] [           main] org.hibernate.SQL                        : 
    create table product_ingredients (
        product_id bigint not null,
        ingredient_id bigint not null
    )
Hibernate: 
    create table product_ingredients (
        product_id bigint not null,
        ingredient_id bigint not null
    )
2025-07-04T15:20:33.257+01:00 DEBUG 273586 --- [utterfresh_dev_gathering_sys] [           main] org.hibernate.SQL                        : 
    create table product_mixes (
        id bigint generated by default as identity,
        created_at timestamp(6) not null,
        deleted boolean,
        updated_at timestamp(6) not null,
        brix_on_diluent float(53),
        final_brix float(53),
        finalph float(53),
        initial_brix float(53),
        initialph float(53),
        product_count float(53),
        qty integer,
        total_liters_used float(53),
        product_id bigint,
        production_id bigint,
        primary key (id)
    )
Hibernate: 
    create table product_mixes (
        id bigint generated by default as identity,
        created_at timestamp(6) not null,
        deleted boolean,
        updated_at timestamp(6) not null,
        brix_on_diluent float(53),
        final_brix float(53),
        finalph float(53),
        initial_brix float(53),
        initialph float(53),
        product_count float(53),
        qty integer,
        total_liters_used float(53),
        product_id bigint,
        production_id bigint,
        primary key (id)
    )
2025-07-04T15:20:33.262+01:00 DEBUG 273586 --- [utterfresh_dev_gathering_sys] [           main] org.hibernate.SQL                        : 
    create table production_batches (
        id bigint generated by default as identity,
        created_at timestamp(6) not null,
        deleted boolean,
        updated_at timestamp(6) not null,
        name varchar(255) not null,
        production_id bigint not null,
        primary key (id)
    )
Hibernate: 
    create table production_batches (
        id bigint generated by default as identity,
        created_at timestamp(6) not null,
        deleted boolean,
        updated_at timestamp(6) not null,
        name varchar(255) not null,
        production_id bigint not null,
        primary key (id)
    )
2025-07-04T15:20:33.267+01:00 DEBUG 273586 --- [utterfresh_dev_gathering_sys] [           main] org.hibernate.SQL                        : 
    create table production_store (
        id bigint generated by default as identity,
        created_at timestamp(6) not null,
        deleted boolean,
        updated_at timestamp(6) not null,
        production_id bigint not null,
        primary key (id)
    )
Hibernate: 
    create table production_store (
        id bigint generated by default as identity,
        created_at timestamp(6) not null,
        deleted boolean,
        updated_at timestamp(6) not null,
        production_id bigint not null,
        primary key (id)
    )
2025-07-04T15:20:33.271+01:00 DEBUG 273586 --- [utterfresh_dev_gathering_sys] [           main] org.hibernate.SQL                        : 
    create table production_evaluation (
        id bigint generated by default as identity,
        after_taste smallint check (after_taste between 0 and 1),
        comment varchar(255),
        release boolean not null,
        taste smallint check (taste between 0 and 1),
        viscosity smallint check (viscosity between 0 and 1),
        evaluation_id bigint,
        product_mix_id bigint not null,
        primary key (id)
    )
Hibernate: 
    create table production_evaluation (
        id bigint generated by default as identity,
        after_taste smallint check (after_taste between 0 and 1),
        comment varchar(255),
        release boolean not null,
        taste smallint check (taste between 0 and 1),
        viscosity smallint check (viscosity between 0 and 1),
        evaluation_id bigint,
        product_mix_id bigint not null,
        primary key (id)
    )
2025-07-04T15:20:33.276+01:00 DEBUG 273586 --- [utterfresh_dev_gathering_sys] [           main] org.hibernate.SQL                        : 
    create table productions (
        id bigint generated by default as identity,
        created_at timestamp(6) not null,
        deleted boolean,
        updated_at timestamp(6) not null,
        end_date date not null,
        finalized boolean not null,
        last_batch integer,
        name varchar(255),
        production_number varchar(40) not null,
        start_date date not null,
        staff_id bigint not null,
        primary key (id)
    )
Hibernate: 
    create table productions (
        id bigint generated by default as identity,
        created_at timestamp(6) not null,
        deleted boolean,
        updated_at timestamp(6) not null,
        end_date date not null,
        finalized boolean not null,
        last_batch integer,
        name varchar(255),
        production_number varchar(40) not null,
        start_date date not null,
        staff_id bigint not null,
        primary key (id)
    )
2025-07-04T15:20:33.281+01:00 DEBUG 273586 --- [utterfresh_dev_gathering_sys] [           main] org.hibernate.SQL                        : 
    create table product_mix_ingredient (
        id bigint generated by default as identity,
        litres_used float(53),
        ingredient_id bigint not null,
        product_mix_id bigint,
        primary key (id)
    )
Hibernate: 
    create table product_mix_ingredient (
        id bigint generated by default as identity,
        litres_used float(53),
        ingredient_id bigint not null,
        product_mix_id bigint,
        primary key (id)
    )
2025-07-04T15:20:33.285+01:00 DEBUG 273586 --- [utterfresh_dev_gathering_sys] [           main] org.hibernate.SQL                        : 
    create table products (
        id bigint generated by default as identity,
        created_at timestamp(6) not null,
        deleted boolean,
        updated_at timestamp(6) not null,
        category varchar(255),
        description varchar(255),
        name varchar(255) not null,
        unit_of_measure varchar(255),
        primary key (id)
    )
Hibernate: 
    create table products (
        id bigint generated by default as identity,
        created_at timestamp(6) not null,
        deleted boolean,
        updated_at timestamp(6) not null,
        category varchar(255),
        description varchar(255),
        name varchar(255) not null,
        unit_of_measure varchar(255),
        primary key (id)
    )
2025-07-04T15:20:33.290+01:00 DEBUG 273586 --- [utterfresh_dev_gathering_sys] [           main] org.hibernate.SQL                        : 
    create table purchase (
        id bigint generated by default as identity,
        created_at timestamp(6) not null,
        deleted boolean,
        updated_at timestamp(6) not null,
        avg_cost float(53) not null,
        avg_weight_peruom float(53) not null,
        cost float(53) not null,
        production_lost_weight float(53) not null,
        transferred boolean not null,
        uom_qty float(53) not null,
        usable_weight float(53) not null,
        weight float(53) not null,
        production_id bigint not null,
        raw_material_id bigint,
        supplier_id bigint,
        primary key (id)
    )
Hibernate: 
    create table purchase (
        id bigint generated by default as identity,
        created_at timestamp(6) not null,
        deleted boolean,
        updated_at timestamp(6) not null,
        avg_cost float(53) not null,
        avg_weight_peruom float(53) not null,
        cost float(53) not null,
        production_lost_weight float(53) not null,
        transferred boolean not null,
        uom_qty float(53) not null,
        usable_weight float(53) not null,
        weight float(53) not null,
        production_id bigint not null,
        raw_material_id bigint,
        supplier_id bigint,
        primary key (id)
    )
2025-07-04T15:20:33.294+01:00 DEBUG 273586 --- [utterfresh_dev_gathering_sys] [           main] org.hibernate.SQL                        : 
    create table purchase_transfer (
        id bigint generated by default as identity,
        created_at timestamp(6) not null,
        deleted boolean,
        updated_at timestamp(6) not null,
        transfer_notes varchar(255),
        transferred boolean not null,
        transferred_at timestamp(6),
        from_production_id bigint not null,
        purchase_id bigint not null,
        resulting_purchase_id bigint,
        to_production_id bigint,
        primary key (id)
    )
Hibernate: 
    create table purchase_transfer (
        id bigint generated by default as identity,
        created_at timestamp(6) not null,
        deleted boolean,
        updated_at timestamp(6) not null,
        transfer_notes varchar(255),
        transferred boolean not null,
        transferred_at timestamp(6),
        from_production_id bigint not null,
        purchase_id bigint not null,
        resulting_purchase_id bigint,
        to_production_id bigint,
        primary key (id)
    )
2025-07-04T15:20:33.299+01:00 DEBUG 273586 --- [utterfresh_dev_gathering_sys] [           main] org.hibernate.SQL                        : 
    create table purchase_usage (
        id bigint not null,
        created_at timestamp(6) not null,
        deleted boolean,
        updated_at timestamp(6) not null,
        total_kg_used float(53) not null,
        usable_weight_left float(53) not null,
        primary key (id)
    )
Hibernate: 
    create table purchase_usage (
        id bigint not null,
        created_at timestamp(6) not null,
        deleted boolean,
        updated_at timestamp(6) not null,
        total_kg_used float(53) not null,
        usable_weight_left float(53) not null,
        primary key (id)
    )
2025-07-04T15:20:33.303+01:00 DEBUG 273586 --- [utterfresh_dev_gathering_sys] [           main] org.hibernate.SQL                        : 
    create table raw_materials (
        id bigint generated by default as identity,
        created_at timestamp(6) not null,
        deleted boolean,
        updated_at timestamp(6) not null,
        name varchar(255),
        uom varchar(255),
        primary key (id)
    )
Hibernate: 
    create table raw_materials (
        id bigint generated by default as identity,
        created_at timestamp(6) not null,
        deleted boolean,
        updated_at timestamp(6) not null,
        name varchar(255),
        uom varchar(255),
        primary key (id)
    )
2025-07-04T15:20:33.308+01:00 DEBUG 273586 --- [utterfresh_dev_gathering_sys] [           main] org.hibernate.SQL                        : 
    create table raw_material_store (
        id bigint not null,
        total_usable_quantity float(53) not null,
        total_used_quantity float(53) not null,
        production_store_id bigint not null,
        raw_material_id bigint not null,
        primary key (id)
    )
Hibernate: 
    create table raw_material_store (
        id bigint not null,
        total_usable_quantity float(53) not null,
        total_used_quantity float(53) not null,
        production_store_id bigint not null,
        raw_material_id bigint not null,
        primary key (id)
    )
2025-07-04T15:20:33.311+01:00 DEBUG 273586 --- [utterfresh_dev_gathering_sys] [           main] org.hibernate.SQL                        : 
    create table recent_activity (
        id bigint generated by default as identity,
        created_at timestamp(6) not null,
        deleted boolean,
        updated_at timestamp(6) not null,
        activity_type varchar(255),
        is_recent boolean not null,
        message varchar(255),
        timestamp timestamp(6),
        primary key (id)
    )
Hibernate: 
    create table recent_activity (
        id bigint generated by default as identity,
        created_at timestamp(6) not null,
        deleted boolean,
        updated_at timestamp(6) not null,
        activity_type varchar(255),
        is_recent boolean not null,
        message varchar(255),
        timestamp timestamp(6),
        primary key (id)
    )
2025-07-04T15:20:33.318+01:00 DEBUG 273586 --- [utterfresh_dev_gathering_sys] [           main] org.hibernate.SQL                        : 
    create table roles (
        id bigint generated by default as identity,
        created_at timestamp(6) not null,
        deleted boolean,
        updated_at timestamp(6) not null,
        user_role smallint check (user_role between 0 and 2),
        primary key (id)
    )
Hibernate: 
    create table roles (
        id bigint generated by default as identity,
        created_at timestamp(6) not null,
        deleted boolean,
        updated_at timestamp(6) not null,
        user_role smallint check (user_role between 0 and 2),
        primary key (id)
    )
2025-07-04T15:20:33.322+01:00 DEBUG 273586 --- [utterfresh_dev_gathering_sys] [           main] org.hibernate.SQL                        : 
    create table staffs (
        id bigint generated by default as identity,
        created_at timestamp(6) not null,
        deleted boolean,
        updated_at timestamp(6) not null,
        company_role varchar(255),
        profession varchar(255),
        primary key (id)
    )
Hibernate: 
    create table staffs (
        id bigint generated by default as identity,
        created_at timestamp(6) not null,
        deleted boolean,
        updated_at timestamp(6) not null,
        company_role varchar(255),
        profession varchar(255),
        primary key (id)
    )
2025-07-04T15:20:33.328+01:00 DEBUG 273586 --- [utterfresh_dev_gathering_sys] [           main] org.hibernate.SQL                        : 
    create table supplier (
        id bigint generated by default as identity,
        created_at timestamp(6) not null,
        deleted boolean,
        updated_at timestamp(6) not null,
        address varchar(255),
        email_address varchar(255),
        full_name varchar(255),
        phone_number varchar(255),
        primary key (id)
    )
Hibernate: 
    create table supplier (
        id bigint generated by default as identity,
        created_at timestamp(6) not null,
        deleted boolean,
        updated_at timestamp(6) not null,
        address varchar(255),
        email_address varchar(255),
        full_name varchar(255),
        phone_number varchar(255),
        primary key (id)
    )
2025-07-04T15:20:33.334+01:00 DEBUG 273586 --- [utterfresh_dev_gathering_sys] [           main] org.hibernate.SQL                        : 
    create table unit_of_measurement (
        id bigint generated by default as identity,
        created_at timestamp(6) not null,
        deleted boolean,
        updated_at timestamp(6) not null,
        abbrev varchar(255),
        name varchar(255),
        primary key (id)
    )
Hibernate: 
    create table unit_of_measurement (
        id bigint generated by default as identity,
        created_at timestamp(6) not null,
        deleted boolean,
        updated_at timestamp(6) not null,
        abbrev varchar(255),
        name varchar(255),
        primary key (id)
    )
2025-07-04T15:20:33.339+01:00 DEBUG 273586 --- [utterfresh_dev_gathering_sys] [           main] org.hibernate.SQL                        : 
    create table user_roles (
        user_id bigint not null,
        role_id bigint not null,
        primary key (user_id, role_id)
    )
Hibernate: 
    create table user_roles (
        user_id bigint not null,
        role_id bigint not null,
        primary key (user_id, role_id)
    )
2025-07-04T15:20:33.342+01:00 DEBUG 273586 --- [utterfresh_dev_gathering_sys] [           main] org.hibernate.SQL                        : 
    create table users (
        id bigint generated by default as identity,
        created_at timestamp(6) not null,
        deleted boolean,
        updated_at timestamp(6) not null,
        created_by bigint,
        email varchar(255),
        full_name varchar(255),
        phone varchar(255),
        pwd varchar(255),
        staff_id bigint,
        primary key (id)
    )
Hibernate: 
    create table users (
        id bigint generated by default as identity,
        created_at timestamp(6) not null,
        deleted boolean,
        updated_at timestamp(6) not null,
        created_by bigint,
        email varchar(255),
        full_name varchar(255),
        phone varchar(255),
        pwd varchar(255),
        staff_id bigint,
        primary key (id)
    )
2025-07-04T15:20:33.348+01:00 DEBUG 273586 --- [utterfresh_dev_gathering_sys] [           main] org.hibernate.SQL                        : 
    alter table if exists production_store 
       drop constraint if exists UKu7bfhgbc1ogt5y6sqhx0tpao
Hibernate: 
    alter table if exists production_store 
       drop constraint if exists UKu7bfhgbc1ogt5y6sqhx0tpao
2025-07-04T15:20:33.351+01:00  WARN 273586 --- [utterfresh_dev_gathering_sys] [           main] o.h.engine.jdbc.spi.SqlExceptionHelper   : SQL Warning Code: 0, SQLState: 00000
2025-07-04T15:20:33.352+01:00  WARN 273586 --- [utterfresh_dev_gathering_sys] [           main] o.h.engine.jdbc.spi.SqlExceptionHelper   : constraint "uku7bfhgbc1ogt5y6sqhx0tpao" of relation "production_store" does not exist, skipping
2025-07-04T15:20:33.352+01:00 DEBUG 273586 --- [utterfresh_dev_gathering_sys] [           main] org.hibernate.SQL                        : 
    alter table if exists production_store 
       add constraint UKu7bfhgbc1ogt5y6sqhx0tpao unique (production_id)
Hibernate: 
    alter table if exists production_store 
       add constraint UKu7bfhgbc1ogt5y6sqhx0tpao unique (production_id)
2025-07-04T15:20:33.354+01:00 DEBUG 273586 --- [utterfresh_dev_gathering_sys] [           main] org.hibernate.SQL                        : 
    alter table if exists productions 
       drop constraint if exists UKlxjhtd9r7wh0i0yjpdxk230dn
Hibernate: 
    alter table if exists productions 
       drop constraint if exists UKlxjhtd9r7wh0i0yjpdxk230dn
2025-07-04T15:20:33.356+01:00  WARN 273586 --- [utterfresh_dev_gathering_sys] [           main] o.h.engine.jdbc.spi.SqlExceptionHelper   : SQL Warning Code: 0, SQLState: 00000
2025-07-04T15:20:33.356+01:00  WARN 273586 --- [utterfresh_dev_gathering_sys] [           main] o.h.engine.jdbc.spi.SqlExceptionHelper   : constraint "uklxjhtd9r7wh0i0yjpdxk230dn" of relation "productions" does not exist, skipping
2025-07-04T15:20:33.356+01:00 DEBUG 273586 --- [utterfresh_dev_gathering_sys] [           main] org.hibernate.SQL                        : 
    alter table if exists productions 
       add constraint UKlxjhtd9r7wh0i0yjpdxk230dn unique (production_number)
Hibernate: 
    alter table if exists productions 
       add constraint UKlxjhtd9r7wh0i0yjpdxk230dn unique (production_number)
2025-07-04T15:20:33.359+01:00 DEBUG 273586 --- [utterfresh_dev_gathering_sys] [           main] org.hibernate.SQL                        : 
    alter table if exists purchase_transfer 
       drop constraint if exists UK40fsjagbuhsepm55l9q7yvfng
Hibernate: 
    alter table if exists purchase_transfer 
       drop constraint if exists UK40fsjagbuhsepm55l9q7yvfng
2025-07-04T15:20:33.360+01:00  WARN 273586 --- [utterfresh_dev_gathering_sys] [           main] o.h.engine.jdbc.spi.SqlExceptionHelper   : SQL Warning Code: 0, SQLState: 00000
2025-07-04T15:20:33.361+01:00  WARN 273586 --- [utterfresh_dev_gathering_sys] [           main] o.h.engine.jdbc.spi.SqlExceptionHelper   : constraint "uk40fsjagbuhsepm55l9q7yvfng" of relation "purchase_transfer" does not exist, skipping
2025-07-04T15:20:33.361+01:00 DEBUG 273586 --- [utterfresh_dev_gathering_sys] [           main] org.hibernate.SQL                        : 
    alter table if exists purchase_transfer 
       add constraint UK40fsjagbuhsepm55l9q7yvfng unique (resulting_purchase_id)
Hibernate: 
    alter table if exists purchase_transfer 
       add constraint UK40fsjagbuhsepm55l9q7yvfng unique (resulting_purchase_id)
2025-07-04T15:20:33.364+01:00 DEBUG 273586 --- [utterfresh_dev_gathering_sys] [           main] org.hibernate.SQL                        : 
    alter table if exists users 
       drop constraint if exists UKhijqejqge8g6evxs6j44rny9k
Hibernate: 
    alter table if exists users 
       drop constraint if exists UKhijqejqge8g6evxs6j44rny9k
2025-07-04T15:20:33.366+01:00  WARN 273586 --- [utterfresh_dev_gathering_sys] [           main] o.h.engine.jdbc.spi.SqlExceptionHelper   : SQL Warning Code: 0, SQLState: 00000
2025-07-04T15:20:33.366+01:00  WARN 273586 --- [utterfresh_dev_gathering_sys] [           main] o.h.engine.jdbc.spi.SqlExceptionHelper   : constraint "ukhijqejqge8g6evxs6j44rny9k" of relation "users" does not exist, skipping
2025-07-04T15:20:33.366+01:00 DEBUG 273586 --- [utterfresh_dev_gathering_sys] [           main] org.hibernate.SQL                        : 
    alter table if exists users 
       add constraint UKhijqejqge8g6evxs6j44rny9k unique (staff_id)
Hibernate: 
    alter table if exists users 
       add constraint UKhijqejqge8g6evxs6j44rny9k unique (staff_id)
2025-07-04T15:20:33.372+01:00 DEBUG 273586 --- [utterfresh_dev_gathering_sys] [           main] org.hibernate.SQL                        : 
    create sequence raw_material_store_seq start with 1 increment by 50
Hibernate: 
    create sequence raw_material_store_seq start with 1 increment by 50
2025-07-04T15:20:33.374+01:00 DEBUG 273586 --- [utterfresh_dev_gathering_sys] [           main] org.hibernate.SQL                        : 
    alter table if exists conversion 
       add constraint FKblr5wxng5dnnvjfxtcula1rnp 
       foreign key (production_id) 
       references productions
Hibernate: 
    alter table if exists conversion 
       add constraint FKblr5wxng5dnnvjfxtcula1rnp 
       foreign key (production_id) 
       references productions
2025-07-04T15:20:33.379+01:00 DEBUG 273586 --- [utterfresh_dev_gathering_sys] [           main] org.hibernate.SQL                        : 
    alter table if exists conversion 
       add constraint FKqc7wp7ps5hux4b2cb6enymaf9 
       foreign key (purchase_id) 
       references purchase
Hibernate: 
    alter table if exists conversion 
       add constraint FKqc7wp7ps5hux4b2cb6enymaf9 
       foreign key (purchase_id) 
       references purchase
2025-07-04T15:20:33.382+01:00 DEBUG 273586 --- [utterfresh_dev_gathering_sys] [           main] org.hibernate.SQL                        : 
    alter table if exists conversion_field 
       add constraint FK3lkcoq0q0m7v16cuouw13uenx 
       foreign key (conversion_id) 
       references conversion
Hibernate: 
    alter table if exists conversion_field 
       add constraint FK3lkcoq0q0m7v16cuouw13uenx 
       foreign key (conversion_id) 
       references conversion
2025-07-04T15:20:33.386+01:00 DEBUG 273586 --- [utterfresh_dev_gathering_sys] [           main] org.hibernate.SQL                        : 
    alter table if exists conversion_field 
       add constraint FKd8hqh2i8uvj15rlkrprtu4p0x 
       foreign key (ingredient_id) 
       references ingredients
Hibernate: 
    alter table if exists conversion_field 
       add constraint FKd8hqh2i8uvj15rlkrprtu4p0x 
       foreign key (ingredient_id) 
       references ingredients
2025-07-04T15:20:33.389+01:00 DEBUG 273586 --- [utterfresh_dev_gathering_sys] [           main] org.hibernate.SQL                        : 
    alter table if exists evaluation 
       add constraint FKntnm526dgptss08p5tgcob7bb 
       foreign key (production_id) 
       references productions
Hibernate: 
    alter table if exists evaluation 
       add constraint FKntnm526dgptss08p5tgcob7bb 
       foreign key (production_id) 
       references productions
2025-07-04T15:20:33.393+01:00 DEBUG 273586 --- [utterfresh_dev_gathering_sys] [           main] org.hibernate.SQL                        : 
    alter table if exists evaluation 
       add constraint FK3qsn326h0xybxnu768jhroni4 
       foreign key (staff_id) 
       references staffs
Hibernate: 
    alter table if exists evaluation 
       add constraint FK3qsn326h0xybxnu768jhroni4 
       foreign key (staff_id) 
       references staffs
2025-07-04T15:20:33.396+01:00 DEBUG 273586 --- [utterfresh_dev_gathering_sys] [           main] org.hibernate.SQL                        : 
    alter table if exists ingredient_raw_material 
       add constraint FK6k284isppot6sf26wcb0xme9d 
       foreign key (raw_material_id) 
       references raw_materials
Hibernate: 
    alter table if exists ingredient_raw_material 
       add constraint FK6k284isppot6sf26wcb0xme9d 
       foreign key (raw_material_id) 
       references raw_materials
2025-07-04T15:20:33.400+01:00 DEBUG 273586 --- [utterfresh_dev_gathering_sys] [           main] org.hibernate.SQL                        : 
    alter table if exists ingredient_raw_material 
       add constraint FK2cjitvso74cyuyx814yr4lq0k 
       foreign key (ingredient_id) 
       references ingredients
Hibernate: 
    alter table if exists ingredient_raw_material 
       add constraint FK2cjitvso74cyuyx814yr4lq0k 
       foreign key (ingredient_id) 
       references ingredients
2025-07-04T15:20:33.403+01:00 DEBUG 273586 --- [utterfresh_dev_gathering_sys] [           main] org.hibernate.SQL                        : 
    alter table if exists ingredient_store 
       add constraint FK99ciw4nqa2de4s1g6bga9n2x2 
       foreign key (ingredient_id) 
       references ingredients
Hibernate: 
    alter table if exists ingredient_store 
       add constraint FK99ciw4nqa2de4s1g6bga9n2x2 
       foreign key (ingredient_id) 
       references ingredients
2025-07-04T15:20:33.407+01:00 DEBUG 273586 --- [utterfresh_dev_gathering_sys] [           main] org.hibernate.SQL                        : 
    alter table if exists ingredient_store 
       add constraint FK7vr8r3db2nah8sg3rak0qpfue 
       foreign key (production_store_id) 
       references production_store
Hibernate: 
    alter table if exists ingredient_store 
       add constraint FK7vr8r3db2nah8sg3rak0qpfue 
       foreign key (production_store_id) 
       references production_store
2025-07-04T15:20:33.410+01:00 DEBUG 273586 --- [utterfresh_dev_gathering_sys] [           main] org.hibernate.SQL                        : 
    alter table if exists product_ingredients 
       add constraint FKgwkoppq4tgrpjn63yi9gpeg9p 
       foreign key (ingredient_id) 
       references ingredients
Hibernate: 
    alter table if exists product_ingredients 
       add constraint FKgwkoppq4tgrpjn63yi9gpeg9p 
       foreign key (ingredient_id) 
       references ingredients
2025-07-04T15:20:33.413+01:00 DEBUG 273586 --- [utterfresh_dev_gathering_sys] [           main] org.hibernate.SQL                        : 
    alter table if exists product_ingredients 
       add constraint FKa69i4fo6fys3gt2cbrxsrbn4 
       foreign key (product_id) 
       references products
Hibernate: 
    alter table if exists product_ingredients 
       add constraint FKa69i4fo6fys3gt2cbrxsrbn4 
       foreign key (product_id) 
       references products
2025-07-04T15:20:33.417+01:00 DEBUG 273586 --- [utterfresh_dev_gathering_sys] [           main] org.hibernate.SQL                        : 
    alter table if exists product_mixes 
       add constraint FK3911ufbx57ekmyt0hyu4041kd 
       foreign key (product_id) 
       references products
Hibernate: 
    alter table if exists product_mixes 
       add constraint FK3911ufbx57ekmyt0hyu4041kd 
       foreign key (product_id) 
       references products
2025-07-04T15:20:33.420+01:00 DEBUG 273586 --- [utterfresh_dev_gathering_sys] [           main] org.hibernate.SQL                        : 
    alter table if exists product_mixes 
       add constraint FK8irwg1hgu855toiqgvxpf6n2c 
       foreign key (production_id) 
       references productions
Hibernate: 
    alter table if exists product_mixes 
       add constraint FK8irwg1hgu855toiqgvxpf6n2c 
       foreign key (production_id) 
       references productions
2025-07-04T15:20:33.424+01:00 DEBUG 273586 --- [utterfresh_dev_gathering_sys] [           main] org.hibernate.SQL                        : 
    alter table if exists production_batches 
       add constraint FK2osa81m3cnu1m804etng4b2ga 
       foreign key (production_id) 
       references productions
Hibernate: 
    alter table if exists production_batches 
       add constraint FK2osa81m3cnu1m804etng4b2ga 
       foreign key (production_id) 
       references productions
2025-07-04T15:20:33.427+01:00 DEBUG 273586 --- [utterfresh_dev_gathering_sys] [           main] org.hibernate.SQL                        : 
    alter table if exists production_store 
       add constraint FKmm54p2ni3pjpw5xvbm2hqb6jr 
       foreign key (production_id) 
       references productions
Hibernate: 
    alter table if exists production_store 
       add constraint FKmm54p2ni3pjpw5xvbm2hqb6jr 
       foreign key (production_id) 
       references productions
2025-07-04T15:20:33.430+01:00 DEBUG 273586 --- [utterfresh_dev_gathering_sys] [           main] org.hibernate.SQL                        : 
    alter table if exists production_evaluation 
       add constraint FKhgpojpafvqpvpw9h63eoxca87 
       foreign key (evaluation_id) 
       references evaluation
Hibernate: 
    alter table if exists production_evaluation 
       add constraint FKhgpojpafvqpvpw9h63eoxca87 
       foreign key (evaluation_id) 
       references evaluation
2025-07-04T15:20:33.434+01:00 DEBUG 273586 --- [utterfresh_dev_gathering_sys] [           main] org.hibernate.SQL                        : 
    alter table if exists production_evaluation 
       add constraint FKb5s46v87j8o4bp7nqkdj79lp8 
       foreign key (product_mix_id) 
       references product_mixes
Hibernate: 
    alter table if exists production_evaluation 
       add constraint FKb5s46v87j8o4bp7nqkdj79lp8 
       foreign key (product_mix_id) 
       references product_mixes
2025-07-04T15:20:33.442+01:00 DEBUG 273586 --- [utterfresh_dev_gathering_sys] [           main] org.hibernate.SQL                        : 
    alter table if exists productions 
       add constraint FKpkn8cupe9rbkb5wf2b5ocah7f 
       foreign key (staff_id) 
       references staffs
Hibernate: 
    alter table if exists productions 
       add constraint FKpkn8cupe9rbkb5wf2b5ocah7f 
       foreign key (staff_id) 
       references staffs
2025-07-04T15:20:33.452+01:00 DEBUG 273586 --- [utterfresh_dev_gathering_sys] [           main] org.hibernate.SQL                        : 
    alter table if exists product_mix_ingredient 
       add constraint FK8bkaim89k8nfwgmy5c0fkm4o 
       foreign key (ingredient_id) 
       references ingredients
Hibernate: 
    alter table if exists product_mix_ingredient 
       add constraint FK8bkaim89k8nfwgmy5c0fkm4o 
       foreign key (ingredient_id) 
       references ingredients
2025-07-04T15:20:33.460+01:00 DEBUG 273586 --- [utterfresh_dev_gathering_sys] [           main] org.hibernate.SQL                        : 
    alter table if exists product_mix_ingredient 
       add constraint FKb871p2d8gf0uqvjh0gbn086ok 
       foreign key (product_mix_id) 
       references product_mixes
Hibernate: 
    alter table if exists product_mix_ingredient 
       add constraint FKb871p2d8gf0uqvjh0gbn086ok 
       foreign key (product_mix_id) 
       references product_mixes
2025-07-04T15:20:33.469+01:00 DEBUG 273586 --- [utterfresh_dev_gathering_sys] [           main] org.hibernate.SQL                        : 
    alter table if exists purchase 
       add constraint FKm73xo7lssk9347i1mn9e356fj 
       foreign key (production_id) 
       references productions
Hibernate: 
    alter table if exists purchase 
       add constraint FKm73xo7lssk9347i1mn9e356fj 
       foreign key (production_id) 
       references productions
2025-07-04T15:20:33.477+01:00 DEBUG 273586 --- [utterfresh_dev_gathering_sys] [           main] org.hibernate.SQL                        : 
    alter table if exists purchase 
       add constraint FKnnqw6ahcm803haffb0gpn2y0c 
       foreign key (raw_material_id) 
       references raw_materials
Hibernate: 
    alter table if exists purchase 
       add constraint FKnnqw6ahcm803haffb0gpn2y0c 
       foreign key (raw_material_id) 
       references raw_materials
2025-07-04T15:20:33.491+01:00 DEBUG 273586 --- [utterfresh_dev_gathering_sys] [           main] org.hibernate.SQL                        : 
    alter table if exists purchase 
       add constraint FK8omm6fki86s9oqk0o9s6w43h5 
       foreign key (supplier_id) 
       references supplier
Hibernate: 
    alter table if exists purchase 
       add constraint FK8omm6fki86s9oqk0o9s6w43h5 
       foreign key (supplier_id) 
       references supplier
2025-07-04T15:20:33.499+01:00 DEBUG 273586 --- [utterfresh_dev_gathering_sys] [           main] org.hibernate.SQL                        : 
    alter table if exists purchase_transfer 
       add constraint FKpbqq254obx7bhci8iky7n8o9q 
       foreign key (from_production_id) 
       references productions
Hibernate: 
    alter table if exists purchase_transfer 
       add constraint FKpbqq254obx7bhci8iky7n8o9q 
       foreign key (from_production_id) 
       references productions
2025-07-04T15:20:33.505+01:00 DEBUG 273586 --- [utterfresh_dev_gathering_sys] [           main] org.hibernate.SQL                        : 
    alter table if exists purchase_transfer 
       add constraint FKplh2nmpigada2xi12sdxopl6o 
       foreign key (purchase_id) 
       references purchase
Hibernate: 
    alter table if exists purchase_transfer 
       add constraint FKplh2nmpigada2xi12sdxopl6o 
       foreign key (purchase_id) 
       references purchase
2025-07-04T15:20:33.509+01:00 DEBUG 273586 --- [utterfresh_dev_gathering_sys] [           main] org.hibernate.SQL                        : 
    alter table if exists purchase_transfer 
       add constraint FK1bv12wq9ktiggfosysfpyrw42 
       foreign key (resulting_purchase_id) 
       references purchase
Hibernate: 
    alter table if exists purchase_transfer 
       add constraint FK1bv12wq9ktiggfosysfpyrw42 
       foreign key (resulting_purchase_id) 
       references purchase
2025-07-04T15:20:33.514+01:00 DEBUG 273586 --- [utterfresh_dev_gathering_sys] [           main] org.hibernate.SQL                        : 
    alter table if exists purchase_transfer 
       add constraint FKphe85g7tk9pf391b5dcedmb5c 
       foreign key (to_production_id) 
       references productions
Hibernate: 
    alter table if exists purchase_transfer 
       add constraint FKphe85g7tk9pf391b5dcedmb5c 
       foreign key (to_production_id) 
       references productions
2025-07-04T15:20:33.518+01:00 DEBUG 273586 --- [utterfresh_dev_gathering_sys] [           main] org.hibernate.SQL                        : 
    alter table if exists purchase_usage 
       add constraint FKaplicy3wfr4vvfxo8juhc7kx 
       foreign key (id) 
       references purchase
Hibernate: 
    alter table if exists purchase_usage 
       add constraint FKaplicy3wfr4vvfxo8juhc7kx 
       foreign key (id) 
       references purchase
2025-07-04T15:20:33.522+01:00 DEBUG 273586 --- [utterfresh_dev_gathering_sys] [           main] org.hibernate.SQL                        : 
    alter table if exists raw_material_store 
       add constraint FKtlivai87tovnht5xjjxfc0okt 
       foreign key (production_store_id) 
       references production_store
Hibernate: 
    alter table if exists raw_material_store 
       add constraint FKtlivai87tovnht5xjjxfc0okt 
       foreign key (production_store_id) 
       references production_store
2025-07-04T15:20:33.526+01:00 DEBUG 273586 --- [utterfresh_dev_gathering_sys] [           main] org.hibernate.SQL                        : 
    alter table if exists raw_material_store 
       add constraint FKfms9xgjmis8j3gh8ugko6yt8k 
       foreign key (raw_material_id) 
       references raw_materials
Hibernate: 
    alter table if exists raw_material_store 
       add constraint FKfms9xgjmis8j3gh8ugko6yt8k 
       foreign key (raw_material_id) 
       references raw_materials
2025-07-04T15:20:33.531+01:00 DEBUG 273586 --- [utterfresh_dev_gathering_sys] [           main] org.hibernate.SQL                        : 
    alter table if exists user_roles 
       add constraint FKh8ciramu9cc9q3qcqiv4ue8a6 
       foreign key (role_id) 
       references roles
Hibernate: 
    alter table if exists user_roles 
       add constraint FKh8ciramu9cc9q3qcqiv4ue8a6 
       foreign key (role_id) 
       references roles
2025-07-04T15:20:33.536+01:00 DEBUG 273586 --- [utterfresh_dev_gathering_sys] [           main] org.hibernate.SQL                        : 
    alter table if exists user_roles 
       add constraint FKhfh9dx7w3ubf1co1vdev94g3f 
       foreign key (user_id) 
       references users
Hibernate: 
    alter table if exists user_roles 
       add constraint FKhfh9dx7w3ubf1co1vdev94g3f 
       foreign key (user_id) 
       references users
2025-07-04T15:20:33.546+01:00 DEBUG 273586 --- [utterfresh_dev_gathering_sys] [           main] org.hibernate.SQL                        : 
    alter table if exists users 
       add constraint FK1sikw0vt59jx7n41o797ooiv5 
       foreign key (staff_id) 
       references staffs
Hibernate: 
    alter table if exists users 
       add constraint FK1sikw0vt59jx7n41o797ooiv5 
       foreign key (staff_id) 
       references staffs
2025-07-04T15:20:33.551+01:00  INFO 273586 --- [utterfresh_dev_gathering_sys] [           main] j.LocalContainerEntityManagerFactoryBean : Initialized JPA EntityManagerFactory for persistence unit 'default'
2025-07-04T15:20:34.201+01:00  INFO 273586 --- [utterfresh_dev_gathering_sys] [           main] r$InitializeUserDetailsManagerConfigurer : Global AuthenticationManager configured with UserDetailsService bean with name customUserDetailsService
2025-07-04T15:20:34.315+01:00  INFO 273586 --- [utterfresh_dev_gathering_sys] [           main] o.s.d.j.r.query.QueryEnhancerFactory     : Hibernate is in classpath; If applicable, HQL parser will be used.
2025-07-04T15:20:35.755+01:00  WARN 273586 --- [utterfresh_dev_gathering_sys] [           main] JpaBaseConfiguration$JpaWebConfiguration : spring.jpa.open-in-view is enabled by default. Therefore, database queries may be performed during view rendering. Explicitly configure spring.jpa.open-in-view to disable this warning
2025-07-04T15:20:36.694+01:00  INFO 273586 --- [utterfresh_dev_gathering_sys] [           main] shProductionGatheringSysApplicationTests : Started UtterfreshProductionGatheringSysApplicationTests in 8.498 seconds (process running for 16.744)
2025-07-04T15:20:36.698+01:00  INFO 273586 --- [utterfresh_dev_gathering_sys] [           main] o.s.b.a.b.JobLauncherApplicationRunner   : Running default command line with: []
2025-07-04T15:20:36.768+01:00 DEBUG 273586 --- [utterfresh_dev_gathering_sys] [           main] org.hibernate.SQL                        : 
    select
        r1_0.id,
        r1_0.created_at,
        r1_0.deleted,
        r1_0.updated_at,
        r1_0.user_role 
    from
        roles r1_0 
    where
        r1_0.user_role=?
Hibernate: 
    select
        r1_0.id,
        r1_0.created_at,
        r1_0.deleted,
        r1_0.updated_at,
        r1_0.user_role 
    from
        roles r1_0 
    where
        r1_0.user_role=?
2025-07-04T15:20:36.791+01:00 DEBUG 273586 --- [utterfresh_dev_gathering_sys] [           main] org.hibernate.SQL                        : 
    select
        r1_0.id,
        r1_0.created_at,
        r1_0.deleted,
        r1_0.updated_at,
        r1_0.user_role 
    from
        roles r1_0 
    where
        r1_0.user_role=?
Hibernate: 
    select
        r1_0.id,
        r1_0.created_at,
        r1_0.deleted,
        r1_0.updated_at,
        r1_0.user_role 
    from
        roles r1_0 
    where
        r1_0.user_role=?
2025-07-04T15:20:36.794+01:00 DEBUG 273586 --- [utterfresh_dev_gathering_sys] [           main] org.hibernate.SQL                        : 
    select
        r1_0.id,
        r1_0.created_at,
        r1_0.deleted,
        r1_0.updated_at,
        r1_0.user_role 
    from
        roles r1_0 
    where
        r1_0.user_role=?
Hibernate: 
    select
        r1_0.id,
        r1_0.created_at,
        r1_0.deleted,
        r1_0.updated_at,
        r1_0.user_role 
    from
        roles r1_0 
    where
        r1_0.user_role=?
2025-07-04T15:20:36.815+01:00 DEBUG 273586 --- [utterfresh_dev_gathering_sys] [           main] org.hibernate.SQL                        : 
    insert 
    into
        roles
        (created_at, deleted, updated_at, user_role) 
    values
        (?, ?, ?, ?)
Hibernate: 
    insert 
    into
        roles
        (created_at, deleted, updated_at, user_role) 
    values
        (?, ?, ?, ?)
2025-07-04T15:20:36.831+01:00 DEBUG 273586 --- [utterfresh_dev_gathering_sys] [           main] org.hibernate.SQL                        : 
    insert 
    into
        roles
        (created_at, deleted, updated_at, user_role) 
    values
        (?, ?, ?, ?)
Hibernate: 
    insert 
    into
        roles
        (created_at, deleted, updated_at, user_role) 
    values
        (?, ?, ?, ?)
2025-07-04T15:20:36.834+01:00 DEBUG 273586 --- [utterfresh_dev_gathering_sys] [           main] org.hibernate.SQL                        : 
    insert 
    into
        roles
        (created_at, deleted, updated_at, user_role) 
    values
        (?, ?, ?, ?)
Hibernate: 
    insert 
    into
        roles
        (created_at, deleted, updated_at, user_role) 
    values
        (?, ?, ?, ?)
2025-07-04T15:20:36.842+01:00 DEBUG 273586 --- [utterfresh_dev_gathering_sys] [           main] org.hibernate.SQL                        : 
    select
        r1_0.id,
        r1_0.created_at,
        r1_0.deleted,
        r1_0.updated_at,
        r1_0.user_role 
    from
        roles r1_0 
    where
        r1_0.user_role=?
Hibernate: 
    select
        r1_0.id,
        r1_0.created_at,
        r1_0.deleted,
        r1_0.updated_at,
        r1_0.user_role 
    from
        roles r1_0 
    where
        r1_0.user_role=?
2025-07-04T15:20:36.846+01:00 DEBUG 273586 --- [utterfresh_dev_gathering_sys] [           main] org.hibernate.SQL                        : 
    select
        u1_0.id,
        u1_0.created_at,
        u1_0.created_by,
        u1_0.deleted,
        u1_0.email,
        u1_0.full_name,
        u1_0.phone,
        u1_0.pwd,
        u1_0.staff_id,
        u1_0.updated_at 
    from
        users u1_0 
    where
        u1_0.email=?
Hibernate: 
    select
        u1_0.id,
        u1_0.created_at,
        u1_0.created_by,
        u1_0.deleted,
        u1_0.email,
        u1_0.full_name,
        u1_0.phone,
        u1_0.pwd,
        u1_0.staff_id,
        u1_0.updated_at 
    from
        users u1_0 
    where
        u1_0.email=?
2025-07-04T15:20:36.985+01:00 DEBUG 273586 --- [utterfresh_dev_gathering_sys] [           main] org.hibernate.SQL                        : 
    insert 
    into
        users
        (created_at, created_by, deleted, email, full_name, phone, pwd, staff_id, updated_at) 
    values
        (?, ?, ?, ?, ?, ?, ?, ?, ?)
Hibernate: 
    insert 
    into
        users
        (created_at, created_by, deleted, email, full_name, phone, pwd, staff_id, updated_at) 
    values
        (?, ?, ?, ?, ?, ?, ?, ?, ?)
2025-07-04T15:20:36.993+01:00 DEBUG 273586 --- [utterfresh_dev_gathering_sys] [           main] org.hibernate.SQL                        : 
    insert 
    into
        staffs
        (company_role, created_at, deleted, profession, updated_at) 
    values
        (?, ?, ?, ?, ?)
Hibernate: 
    insert 
    into
        staffs
        (company_role, created_at, deleted, profession, updated_at) 
    values
        (?, ?, ?, ?, ?)
2025-07-04T15:20:37.022+01:00 DEBUG 273586 --- [utterfresh_dev_gathering_sys] [           main] org.hibernate.SQL                        : 
    update
        users 
    set
        created_by=?,
        deleted=?,
        email=?,
        full_name=?,
        phone=?,
        pwd=?,
        staff_id=?,
        updated_at=? 
    where
        id=?
Hibernate: 
    update
        users 
    set
        created_by=?,
        deleted=?,
        email=?,
        full_name=?,
        phone=?,
        pwd=?,
        staff_id=?,
        updated_at=? 
    where
        id=?
2025-07-04T15:20:37.033+01:00 DEBUG 273586 --- [utterfresh_dev_gathering_sys] [           main] org.hibernate.SQL                        : 
    insert 
    into
        user_roles
        (user_id, role_id) 
    values
        (?, ?)
Hibernate: 
    insert 
    into
        user_roles
        (user_id, role_id) 
    values
        (?, ?)
✅ Context loaded successfully with Testcontainers!
]]></system-out>
    <system-err><![CDATA[Mockito is currently self-attaching to enable the inline-mock-maker. This will no longer work in future releases of the JDK. Please add Mockito as an agent to your build what is described in Mockito's documentation: https://javadoc.io/doc/org.mockito/mockito-core/latest/org/mockito/Mockito.html#0.3
WARNING: A Java agent has been loaded dynamically (/home/thompson/.m2/repository/net/bytebuddy/byte-buddy-agent/1.15.11/byte-buddy-agent-1.15.11.jar)
WARNING: If a serviceability tool is in use, please run with -XX:+EnableDynamicAgentLoading to hide this warning
WARNING: If a serviceability tool is not in use, please run with -Djdk.instrument.traceUsage for more information
WARNING: Dynamic loading of agents will be disallowed by default in a future release
]]></system-err>
  </testcase>
</testsuite>